c:\uni\segundo\segundo cuatri\progra\repos\tpv2\tpv2\debug\vc142.pdb
c:\uni\segundo\segundo cuatri\progra\repos\tpv2\tpv2\debug\vc142.idb
c:\uni\segundo\segundo cuatri\progra\repos\tpv2\tpv2\debug\sdlaudiomanager.obj
c:\uni\segundo\segundo cuatri\progra\repos\tpv2\tpv2\debug\resources.obj
c:\uni\segundo\segundo cuatri\progra\repos\tpv2\tpv2\debug\rectangle.obj
c:\uni\segundo\segundo cuatri\progra\repos\tpv2\tpv2\debug\randomnumbergenerator.obj
c:\uni\segundo\segundo cuatri\progra\repos\tpv2\tpv2\debug\pingpong.obj
c:\uni\segundo\segundo cuatri\progra\repos\tpv2\tpv2\debug\paddlemovebehaviour.obj
c:\uni\segundo\segundo cuatri\progra\repos\tpv2\tpv2\debug\paddlemousectrl.obj
c:\uni\segundo\segundo cuatri\progra\repos\tpv2\tpv2\debug\paddlekbctrl.obj
c:\uni\segundo\segundo cuatri\progra\repos\tpv2\tpv2\debug\objectpool.obj
c:\uni\segundo\segundo cuatri\progra\repos\tpv2\tpv2\debug\manager.obj
c:\uni\segundo\segundo cuatri\progra\repos\tpv2\tpv2\debug\inputhandler.obj
c:\uni\segundo\segundo cuatri\progra\repos\tpv2\tpv2\debug\gamelogic.obj
c:\uni\segundo\segundo cuatri\progra\repos\tpv2\tpv2\debug\gamectrl.obj
c:\uni\segundo\segundo cuatri\progra\repos\tpv2\tpv2\debug\fontsmanager.obj
c:\uni\segundo\segundo cuatri\progra\repos\tpv2\tpv2\debug\font.obj
c:\uni\segundo\segundo cuatri\progra\repos\tpv2\tpv2\debug\entity.obj
c:\uni\segundo\segundo cuatri\progra\repos\tpv2\tpv2\debug\component.obj
c:\uni\segundo\segundo cuatri\progra\repos\tpv2\tpv2\debug\collisions.obj
c:\uni\segundo\segundo cuatri\progra\repos\tpv2\tpv2\debug\ballmovebehaviour.obj
c:\uni\segundo\segundo cuatri\progra\repos\tpv2\tpv2\debug\audiomanager.obj
c:\uni\segundo\segundo cuatri\progra\repos\tpv2\tpv2\debug\sdl_macros.obj
c:\uni\segundo\segundo cuatri\progra\repos\tpv2\tpv2\debug\main.obj
c:\uni\segundo\segundo cuatri\progra\repos\tpv2\tpv2\debug\jute.obj
c:\uni\segundo\segundo cuatri\progra\repos\tpv2\tpv2\debug\vector2d.obj
c:\uni\segundo\segundo cuatri\progra\repos\tpv2\tpv2\debug\transform.obj
c:\uni\segundo\segundo cuatri\progra\repos\tpv2\tpv2\debug\texturesmanager.obj
c:\uni\segundo\segundo cuatri\progra\repos\tpv2\tpv2\debug\texture.obj
c:\uni\segundo\segundo cuatri\progra\repos\tpv2\tpv2\debug\simplemovebahviour.obj
c:\uni\segundo\segundo cuatri\progra\repos\tpv2\tpv2\debug\scoreviewer.obj
c:\uni\segundo\segundo cuatri\progra\repos\tpv2\tpv2\debug\scoremanager.obj
c:\uni\segundo\segundo cuatri\progra\repos\tpv2\tpv2\debug\srandbasedgenerator.obj
c:\uni\segundo\segundo cuatri\progra\repos\tpv2\tpv2\debug\sdltexturesmanager.obj
c:\uni\segundo\segundo cuatri\progra\repos\tpv2\tpv2\debug\sdlgame.obj
c:\uni\segundo\segundo cuatri\progra\repos\tpv2\tpv2\debug\sdlfontsmanager.obj
c:\uni\segundo\segundo cuatri\progra\repos\tpv2\tpv2\debug\fighterviewer.obj
c:\uni\segundo\segundo cuatri\progra\repos\tpv2\tpv2\debug\asteroids.obj
c:\uni\segundo\segundo cuatri\progra\repos\tpv2\tpv2\debug\health.obj
c:\uni\segundo\segundo cuatri\progra\repos\tpv2\tpv2\debug\bulletspool.obj
c:\uni\segundo\segundo cuatri\progra\repos\tpv2\tpv2\debug\bullet.obj
c:\uni\segundo\segundo cuatri\progra\repos\tpv2\tpv2\debug\bulletsmotion.obj
c:\uni\segundo\segundo cuatri\progra\repos\tpv2\tpv2\debug\bulletsviewer.obj
c:\uni\segundo\segundo cuatri\progra\repos\tpv2\tpv2\debug\fighterctrl.obj
c:\uni\segundo\segundo cuatri\progra\repos\tpv2\tpv2\debug\gun.obj
c:\uni\segundo\segundo cuatri\progra\repos\tpv2\tpv2\debug\fightermotion.obj
c:\uni\segundo\segundo cuatri\progra\repos\tpv2\tpv2\debug\asteroidsviewer.obj
c:\uni\segundo\segundo cuatri\progra\repos\tpv2\tpv2\debug\asteroidsmotion.obj
c:\uni\segundo\segundo cuatri\progra\repos\tpv2\tpv2\debug\asteroidpool.obj
c:\uni\segundo\segundo cuatri\progra\repos\tpv2\tpv2\debug\asteroid.obj
c:\uni\segundo\segundo cuatri\progra\repos\tpv2\bin\tpv2debug.exe
c:\uni\segundo\segundo cuatri\progra\repos\tpv2\bin\tpv2debug.ilk
c:\uni\segundo\segundo cuatri\progra\repos\tpv2\bin\tpv2debug.pdb
c:\uni\segundo\segundo cuatri\progra\repos\tpv2\bin\tpv2debug.lib
c:\uni\segundo\segundo cuatri\progra\repos\tpv2\bin\tpv2debug.exp
c:\uni\segundo\segundo cuatri\progra\repos\tpv2\tpv2\debug\ball.obj
c:\uni\segundo\segundo cuatri\progra\repos\tpv2\tpv2\debug\gameobject.obj
c:\uni\segundo\segundo cuatri\progra\repos\tpv2\tpv2\debug\paddle.obj
c:\uni\segundo\segundo cuatri\progra\repos\tpv2\tpv2\debug\tpv2.tlog\cl.command.1.tlog
c:\uni\segundo\segundo cuatri\progra\repos\tpv2\tpv2\debug\tpv2.tlog\cl.read.1.tlog
c:\uni\segundo\segundo cuatri\progra\repos\tpv2\tpv2\debug\tpv2.tlog\cl.write.1.tlog
c:\uni\segundo\segundo cuatri\progra\repos\tpv2\tpv2\debug\tpv2.tlog\link.command.1.tlog
c:\uni\segundo\segundo cuatri\progra\repos\tpv2\tpv2\debug\tpv2.tlog\link.delete.1.tlog
c:\uni\segundo\segundo cuatri\progra\repos\tpv2\tpv2\debug\tpv2.tlog\link.read.1.tlog
c:\uni\segundo\segundo cuatri\progra\repos\tpv2\tpv2\debug\tpv2.tlog\link.write.1.tlog
c:\uni\segundo\segundo cuatri\progra\repos\tpv2\tpv2\debug\tpv2.tlog\tpv2.write.1u.tlog
