  AsteroidLifeTime.cpp
  AsteroidsSystem.cpp
  BulletsSystem.cpp
  CollisionSystem.cpp
  Entity.cpp
  GameCtrlSystem.cpp
  GameState.cpp
  Health.cpp
  main.cpp
C:\Uni\Segundo\Segundo cuatri\Progra\Repos\TPV2\P2\TPV2\TPV2\PacManSystem.h(49,9): warning C4244: 'inicializando': conversión de 'double' a 'int'; posible pérdida de datos
C:\Uni\Segundo\Segundo cuatri\Progra\Repos\TPV2\P2\TPV2\TPV2\PacManSystem.h(50,9): warning C4244: 'inicializando': conversión de 'double' a 'int'; posible pérdida de datos
  Manager.cpp
  PacMan.cpp
C:\Uni\Segundo\Segundo cuatri\Progra\Repos\TPV2\P2\TPV2\TPV2\PacManSystem.h(49,9): warning C4244: 'inicializando': conversión de 'double' a 'int'; posible pérdida de datos
C:\Uni\Segundo\Segundo cuatri\Progra\Repos\TPV2\P2\TPV2\TPV2\PacManSystem.h(50,9): warning C4244: 'inicializando': conversión de 'double' a 'int'; posible pérdida de datos
  PacManSystem.cpp
C:\Uni\Segundo\Segundo cuatri\Progra\Repos\TPV2\P2\TPV2\TPV2\PacManSystem.h(49,9): warning C4244: 'inicializando': conversión de 'double' a 'int'; posible pérdida de datos
C:\Uni\Segundo\Segundo cuatri\Progra\Repos\TPV2\P2\TPV2\TPV2\PacManSystem.h(50,9): warning C4244: 'inicializando': conversión de 'double' a 'int'; posible pérdida de datos
  RenderSystem.cpp
  Score.cpp
  StarsPool.cpp
  StarsSystem.cpp
  System.cpp
  Transform.cpp
  Generando código...
     Creando biblioteca C:\Uni\Segundo\Segundo cuatri\Progra\Repos\TPV2\P2\TPV2\bin\TPV2Debug.lib y objeto C:\Uni\Segundo\Segundo cuatri\Progra\Repos\TPV2\P2\TPV2\bin\TPV2Debug.exp
  TPV2.vcxproj -> C:\Uni\Segundo\Segundo cuatri\Progra\Repos\TPV2\P2\TPV2\bin\TPV2Debug.exe
