  BallMoveBehaviour.cpp
  Bullet.cpp
  BulletsMotion.cpp
C:\Uni\Segundo\Segundo cuatri\Progra\Repos\TPV2\TPV2\BulletsMotion.cpp(26,11): warning C4018: '<': no coinciden signed/unsigned
  BulletsPool.cpp
C:\Uni\Segundo\Segundo cuatri\Progra\Repos\TPV2\TPV2\BulletsPool.cpp(31,25): warning C4018: '<': no coinciden signed/unsigned
  BulletsViewer.cpp
C:\Uni\Segundo\Segundo cuatri\Progra\Repos\TPV2\TPV2\BulletsViewer.cpp(27,11): warning C4018: '<': no coinciden signed/unsigned
  Component.cpp
  Entity.cpp
  FighterCtrl.cpp
  FighterMotion.cpp
  FighterViewer.cpp
  GameCtrl.cpp
  GameLogic.cpp
  Gun.cpp
C:\Uni\Segundo\Segundo cuatri\Progra\Repos\TPV2\TPV2\Gun.cpp(42,26): warning C4244: '=': conversión de 'Uint32' a 'float'; posible pérdida de datos
  Health.cpp
  main.cpp
  Manager.cpp
  PaddleKBCtrl.cpp
  PaddleMouseCtrl.cpp
  PaddleMoveBehaviour.cpp
  Asteroids.cpp
  Generando código...
  Compilando...
  Rectangle.cpp
  Resources.cpp
  ScoreManager.cpp
  ScoreViewer.cpp
  SDLGame.cpp
  SimpleMoveBahviour.cpp
  Transform.cpp
  Generando código...
  LINK : no se encontró C:\Uni\Segundo\Segundo cuatri\Progra\Repos\TPV2\bin\TPV2Debug.exe o no lo generó el último vínculo incremental; ejecutando vínculo completo
     Creando biblioteca C:\Uni\Segundo\Segundo cuatri\Progra\Repos\TPV2\bin\TPV2Debug.lib y objeto C:\Uni\Segundo\Segundo cuatri\Progra\Repos\TPV2\bin\TPV2Debug.exp
  TPV2.vcxproj -> C:\Uni\Segundo\Segundo cuatri\Progra\Repos\TPV2\bin\TPV2Debug.exe
